# RRB NTPC Educational Portals: Credibility, Content, and Redistribution Policy Analysis

## Executive Summary

This research examines credible third-party educational portals that provide study materials and previous year papers for the Railway Recruitment Board (RRB) Non-Technical Popular Categories (NTPC) examinations, with a focus on clear and enforceable redistribution policies. The core objective is to determine which portals can serve as reliable fallback sources when official materials are temporarily unavailable.

Key findings reveal significant variability in portal credibility, content accessibility, and especially in policy clarity regarding redistribution. Major portals like Testbook and Jagran Josh offer comprehensive RRB NTPC materials but enforce strict copyright protections that prohibit unauthorized redistribution. Some portals (Adda247, CareerPower) experienced access restrictions during the research period. Emerging platforms like Railway Capsule and RRB Exam Portal provide accessible materials but with limited policy documentation.

Primary recommendations:
1. **Primary sources**: Testbook and Jagran Josh for comprehensive coverage and clear policy frameworks
2. **Secondary sources**: Unacademy and BYJU'S Exam Prep for supplementary materials
3. **Free fallback sources**: Railway Capsule and RRB Exam Portal for basic materials
4. **Cautionary approach**: Avoid Adda247 and CareerPower until access issues are resolved

The analysis underscores the importance of respecting intellectual property rights while ensuring students have access to essential exam preparation materials.

## Research Methodology

### Phase 1: Portal Identification and Initial Assessment
- Systematic search for top RRB NTPC educational portals
- Identification of additional credible sources beyond specified targets
- Domain credibility assessment based on company background and market presence

### Phase 2: Detailed Content Analysis
- Extraction of content from accessible portals
- Documentation of study materials, previous papers, and supplementary resources
- Assessment of CBT1/CBT2 coverage and bilingual availability

### Phase 3: Policy Documentation
- Review of terms of service and copyright policies
- Analysis of redistribution restrictions and licensing terms
- Documentation of download procedures and access requirements

### Phase 4: Credibility Assessment
- Evaluation of company background and market presence
- Assessment of content quality and completeness
- Analysis of user feedback and platform reputation

## Detailed Portal Analysis

### Testbook Edu Solutions Pvt. Ltd.
**Domain Credibility**: High - Established EdTech company with market presence
**Content Types**: Previous year papers (37,000+), mock tests, live classes, study notes, video courses
**NTPC Coverage**: Comprehensive CBT1 and CBT2 coverage with materials from 2016-2025
**Bilingual Availability**: English, Hindi, and some Bengali content
**Download Procedures**: Limited free access (4 tests), premium content requires Pass Pro subscription
**Licensing Policy**: All rights reserved. Copyright © 2014-2024
**Redistribution Policy**: No unauthorized redistribution permitted. Prohibits modification, copying, distribution, reproduction, or republication
**Assessment**: High-quality materials with strict copyright enforcement. Suitable as primary source for comprehensive materials but limited for redistribution.

### Jagran Josh (Jagran Prakashan Limited)
**Domain Credibility**: High - Established media and education company under Jagran Prakashan Ltd.
**Content Types**: Previous year papers, study materials, practice papers, mock tests
**NTPC Coverage**: CBT1 (21 papers) and CBT2 (5 papers) coverage
**Bilingual Availability**: Not specified in accessible content
**Download Procedures**: Direct PDF download without payment or registration barriers
**Licensing Policy**: Personal use only permitted. All rights reserved by Jagran Prakashan Limited
**Redistribution Policy**: 
  - Prohibited: Reselling, derivative works, commercial use, unauthorized sharing
  - Permitted: Personal/individual non-commercial use only
  - Must contact contact@jagranjosh.com for republication requests
**Assessment**: Strong policy framework with clear redistribution restrictions. Suitable for individual use but requires explicit permission for any sharing.

### Unacademy
**Domain Credibility**: High - Major Indian EdTech platform with significant market presence
**Content Types**: Study materials, live classes, practice tests, subject-specific content
**NTPC Coverage**: Assumed coverage based on platform scope
**Bilingual Availability**: English and Hindi content available
**Download Procedures**: App-based access with free and paid content options
**Licensing Policy**: Not specifically detailed in study materials section
**Redistribution Policy**: General platform terms apply but not specific to RRB materials
**Assessment**: Reliable platform for supplementary materials but lacks specific RRB content policies.

### BYJU'S Exam Prep
**Domain Credibility**: High - Major EdTech company with extensive competitive exam focus
**Content Types**: Study materials, PDFs, live videos, recommended books, practice questions
**NTPC Coverage**: CBT1 and CBT2 comprehensive coverage
**Bilingual Availability**: English content primarily
**Download Procedures**: PDF downloads available after registration
**Licensing Policy**: Not explicitly mentioned in RRB-specific content
**Redistribution Policy**: Not detailed in accessible content
**Assessment**: Good for registered users but policy clarity for RRB materials needs improvement.

### Oliveboard
**Domain Credibility**: Medium - EdTech platform focusing on competitive exams
**Content Types**: Previous year papers, mock tests (40 CBT1 + 30 CBT2), concept videos
**NTPC Coverage**: CBT1 and CBT2 with detailed solutions
**Bilingual Availability**: English and Hindi
**Download Procedures**: Controlled access requiring login/subscription
**Licensing Policy**: Not explicit in accessible content
**Redistribution Policy**: Likely controlled access model with subscription requirements
**Assessment**: Comprehensive content but access-controlled model limits availability.

### Railway Capsule
**Domain Credibility**: Medium - Railway-specific educational portal
**Content Types**: Mock tests, previous year papers, study notes, daily practice capsules
**NTPC Coverage**: CBT1 and CBT2 with bilingual materials
**Bilingual Availability**: Hindi and English content
**Download Procedures**: Direct PDF download with no hidden charges
**Licensing Policy**: Claims 100% free access but no specific redistribution policies
**Redistribution Policy**: Not explicitly mentioned despite free access claims
**Assessment**: Good free resource with bilingual availability but lacks policy clarity.

### RRB Exam Portal
**Domain Credibility**: Medium - Educational resource aggregator
**Content Types**: PDF materials, e-books, study notes, previous papers
**NTPC Coverage**: CBT1 and CBT2 materials available
**Bilingual Availability**: Hindi and English content
**Download Procedures**: Mix of free and premium PDF downloads
**Licensing Policy**: Copyright © 2025 RRB EXAM PORTAL - ownership claimed
**Redistribution Policy**: No explicit guidelines provided despite copyright notice
**Assessment**: Accessible content with mixed free/premium model but limited policy documentation.

### Access Issues Encountered
**Adda247**: Access blocked (403 Forbidden error) - Unable to determine content or policies
**CareerPower**: Access blocked (403 Forbidden error) - No information available

## Key Insights and Recommendations

### Policy Clarity Hierarchy
1. **High Clarity**: Jagran Josh - Detailed terms with specific redistribution restrictions
2. **Medium Clarity**: Testbook - General terms but clear copyright enforcement
3. **Low Clarity**: Most other platforms - Limited or no specific RRB material policies

### Access Models
- **Free with restrictions**: Jagran Josh, Railway Capsule
- **Mixed model**: Testbook (limited free + premium), RRB Exam Portal
- **Subscription-based**: Oliveboard, Adda247, CareerPower
- **Registration-required**: BYJU'S Exam Prep

### Fallback Source Recommendations

#### Tier 1 (Primary Sources)
- **Testbook**: Comprehensive materials with clear policies
- **Jagran Josh**: Free materials with detailed usage terms

#### Tier 2 (Secondary Sources)
- **Unacademy**: Supplementary materials and practice
- **BYJU'S Exam Prep**: Registered user access to detailed content

#### Tier 3 (Free Alternatives)
- **Railway Capsule**: Basic bilingual materials with free access
- **RRB Exam Portal**: Mix of free and premium content

#### Tier 4 (Avoid Until Resolved)
- **Adda247**: Access issues, unknown policies
- **CareerPower**: Access issues, unknown policies

### Licensing and Redistribution Analysis

#### Common Patterns
1. **Universal Copyright Protection**: All portals claim copyright ownership
2. **Personal Use Restrictions**: Most allow personal/educational use only
3. **Commercial Prohibition**: Commercial redistribution universally prohibited
4. **Permission Requirements**: Some (Jagran Josh) require explicit permission for sharing

#### Legal Compliance Considerations
- Respect intellectual property rights
- Obtain explicit permission before redistribution
- Acknowledge source attribution when using materials
- Avoid commercial exploitation of educational content

## Limitations and Future Research

### Study Limitations
- Access restrictions prevented analysis of some major portals (Adda247, CareerPower)
- Limited policy documentation found for several portals
- Time constraints limited comprehensive testing of all platform features

### Future Research Needs
- Follow-up access to blocked portals
- Direct communication with portal administrators for clarification
- User experience analysis and feedback collection
- Comparative content quality assessment

## Conclusion

The RRB NTPC educational portal landscape is characterized by comprehensive content offerings but varying degrees of policy clarity and access restrictions. While major platforms like Testbook and Jagran Josh provide excellent resources with clear policy frameworks, their strict copyright enforcement limits redistribution capabilities. 

Emerging platforms like Railway Capsule offer more accessible materials but lack detailed policy frameworks. The research demonstrates the delicate balance between content accessibility and intellectual property protection in the educational technology sector.

For students seeking RRB NTPC preparation materials, a multi-source approach is recommended: use Tier 1 sources for primary preparation, supplement with Tier 2 sources for additional practice, and utilize Tier 3 sources for basic materials. However, all usage should respect the intellectual property rights outlined in each platform's terms of service.

The analysis highlights the need for educational portals to provide clearer guidelines on fair use and educational redistribution to support student success while protecting their intellectual property investments.

## Sources

[1] [Testbook RRB NTPC Previous Year Papers](https://testbook.com/rrb-ntpc/previous-year-papers) - High Reliability - Established EdTech platform with comprehensive materials

[2] [Testbook Terms of Service](https://testbook.com/en-us/terms-of-service) - High Reliability - Official legal documentation

[3] [Jagran Josh RRB NTPC Previous Year Papers](https://www.jagranjosh.com/articles/rrb-ntpc-previous-year-question-paper-cbt-1-and-cbt-2-pdf-download-1725355852-1) - High Reliability - Established educational portal

[4] [Jagran Josh Terms of Use](https://www.jagranjosh.com/terms-of-use) - High Reliability - Official legal documentation

[5] [Unacademy Railway Exam Study Materials](https://unacademy.com/content/railway-exam/study-material/) - Medium Reliability - Major platform but limited RRB-specific details

[6] [BYJU'S RRB NTPC Study Materials](https://byjus.com/rrb-exams/rrb-ntpc-study-material/) - Medium Reliability - Major EdTech with RRB content available

[7] [Oliveboard RRB NTPC Previous Year Papers](https://www.oliveboard.in/rrb-ntpc-previous-year-papers/) - Medium Reliability - Specialized platform with controlled access

[8] [RRB Exam Portal](https://rrbexamportal.com/) - Medium Reliability - Resource aggregator with mixed free/premium model

[9] [Railway Capsule RRB NTPC Study Materials](https://railwaycapsule.com/rrb-ntpc-study-material/) - Medium Reliability - Railway-specific platform with free access

---
**Research Completed**: 2025-10-30
**Total Portals Analyzed**: 9
**Access Issues Encountered**: 2 portals (Adda247, CareerPower)
**Policy Documentation Status**: Complete for accessible platforms